  map.cpp
c:\users\pawel\desktop\paweł\po\7\map\map\map_template.h(25): error C2664: „std::_Tree_iterator<std::_Tree_val<std::_Tree_simple_types<_Ty>>> std::_Tree<std::_Tmap_traits<_Kty,Employee,_Pr,_Alloc,false>>::insert(std::_Tree_const_iterator<std::_Tree_val<std::_Tree_simple_types<_Ty>>>,const std::pair<const _Kty,Employee> &)”: nie można dokonać konwersji argumentu 1 z „unsigned int” do „std::_Tree_const_iterator<std::_Tree_val<std::_Tree_simple_types<_Ty>>>”
          with
          [
              _Ty=std::pair<const ID,Employee>,
              _Kty=ID,
              _Pr=std::less<ID>,
              _Alloc=std::allocator<std::pair<const ID,Employee>>
          ]
          and
          [
              _Ty=std::pair<const ID,Employee>
          ]
  c:\users\pawel\desktop\paweł\po\7\map\map\map_template.h(25): note: Żaden konstruktor nie mógł przyjąć typu źródłowego lub rozpoznanie przeciążenia konstruktora było niejednoznaczne
  c:\users\pawel\desktop\paweł\po\7\map\map\map_template.h(24): note: podczas kompilowania funkcji składowej „<Nieznany>” klasy klasa <Nieznany>
  c:\users\pawel\desktop\paweł\po\7\map\map\map.cpp(13): note: zobacz odwołanie do funkcji szablon; wystąpienie „void map_template<ID,Employee>::Add(unsigned int,Employee)” jest kompilowane
  c:\users\pawel\desktop\paweł\po\7\map\map\map.cpp(11): note: zobacz odwołanie do klasy klasa szablon; wystąpienie „map_template<ID,Employee>” jest kompilowane
  map_template.h
c:\users\pawel\desktop\paweł\po\7\map\map\map_template.h(2): warning C4603: __MAP_TEMPLATE_H__: makro jest niezdefiniowane lub definicja różni się po użyciu prekompilowanego nagłówka
  c:\users\pawel\desktop\paweł\po\7\map\map\map_template.h(2): note: Dodaj makro do prekompilowanego nagłówka, zamiast definiować go w tym miejscu
  c:\users\pawel\desktop\paweł\po\7\map\map\map_template.h(3): note: użyj prekompilowanego nagłówka
c:\users\pawel\desktop\paweł\po\7\map\map\map_template.h(49): fatal error C1020: nieoczekiwany #endif
  Generowanie kodu...
